{
    "Node Type": "Sort",
    "Parallel Aware": false,
    "Startup Cost": 9147614.21,
    "Total Cost": 9147614.24,
    "Plan Rows": 13,
    "Plan Width": 228,
    "Actual Startup Time": 19040.666,
    "Actual Total Time": 19041.476,
    "Actual Rows": 2513,
    "Actual Loops": 1,
    "Sort Key": [
        "wswscs.d_week_seq"
    ],
    "Sort Method": "quicksort",
    "Sort Space Used": 303,
    "Sort Space Type": "Memory",
    "Shared Hit Blocks": 2195,
    "Shared Read Blocks": 2806315,
    "Shared Dirtied Blocks": 0,
    "Shared Written Blocks": 5,
    "Local Hit Blocks": 0,
    "Local Read Blocks": 0,
    "Local Dirtied Blocks": 0,
    "Local Written Blocks": 0,
    "Temp Read Blocks": 0,
    "Temp Written Blocks": 0,
    "Plans": [
        {
            "Node Type": "Aggregate",
            "Strategy": "Sorted",
            "Partial Mode": "Finalize",
            "Parent Relationship": "InitPlan",
            "Subplan Name": "CTE wswscs",
            "Parallel Aware": false,
            "Startup Cost": 9143488.06,
            "Total Cost": 9146997.01,
            "Plan Rows": 10448,
            "Plan Width": 228,
            "Actual Startup Time": 19032.652,
            "Actual Total Time": 19035.113,
            "Actual Rows": 264,
            "Actual Loops": 1,
            "Group Key": [
                "date_dim_2.d_week_seq"
            ],
            "Shared Hit Blocks": 2191,
            "Shared Read Blocks": 2806312,
            "Shared Dirtied Blocks": 0,
            "Shared Written Blocks": 5,
            "Local Hit Blocks": 0,
            "Local Read Blocks": 0,
            "Local Dirtied Blocks": 0,
            "Local Written Blocks": 0,
            "Temp Read Blocks": 0,
            "Temp Written Blocks": 0,
            "Plans": [
                {
                    "Node Type": "Gather Merge",
                    "Parent Relationship": "Outer",
                    "Parallel Aware": false,
                    "Startup Cost": 9143488.06,
                    "Total Cost": 9145926.09,
                    "Plan Rows": 20896,
                    "Plan Width": 228,
                    "Actual Startup Time": 19032.629,
                    "Actual Total Time": 19033.491,
                    "Actual Rows": 792,
                    "Actual Loops": 1,
                    "Workers Planned": 2,
                    "Workers Launched": 2,
                    "Shared Hit Blocks": 2191,
                    "Shared Read Blocks": 2806312,
                    "Shared Dirtied Blocks": 0,
                    "Shared Written Blocks": 5,
                    "Local Hit Blocks": 0,
                    "Local Read Blocks": 0,
                    "Local Dirtied Blocks": 0,
                    "Local Written Blocks": 0,
                    "Temp Read Blocks": 0,
                    "Temp Written Blocks": 0,
                    "Plans": [
                        {
                            "Node Type": "Sort",
                            "Parent Relationship": "Outer",
                            "Parallel Aware": false,
                            "Startup Cost": 9142488.03,
                            "Total Cost": 9142514.15,
                            "Plan Rows": 10448,
                            "Plan Width": 228,
                            "Actual Startup Time": 19000.856,
                            "Actual Total Time": 19000.873,
                            "Actual Rows": 264,
                            "Actual Loops": 3,
                            "Sort Key": [
                                "date_dim_2.d_week_seq"
                            ],
                            "Sort Method": "quicksort",
                            "Sort Space Used": 161,
                            "Sort Space Type": "Memory",
                            "Shared Hit Blocks": 2191,
                            "Shared Read Blocks": 2806312,
                            "Shared Dirtied Blocks": 0,
                            "Shared Written Blocks": 5,
                            "Local Hit Blocks": 0,
                            "Local Read Blocks": 0,
                            "Local Dirtied Blocks": 0,
                            "Local Written Blocks": 0,
                            "Temp Read Blocks": 0,
                            "Temp Written Blocks": 0,
                            "Workers": [
                                {
                                    "Worker Number": 0,
                                    "Sort Method": "quicksort",
                                    "Sort Space Used": 161,
                                    "Sort Space Type": "Memory"
                                },
                                {
                                    "Worker Number": 1,
                                    "Sort Method": "quicksort",
                                    "Sort Space Used": 161,
                                    "Sort Space Type": "Memory"
                                }
                            ],
                            "Plans": [
                                {
                                    "Node Type": "Aggregate",
                                    "Strategy": "Hashed",
                                    "Partial Mode": "Partial",
                                    "Parent Relationship": "Outer",
                                    "Parallel Aware": false,
                                    "Startup Cost": 8614211.74,
                                    "Total Cost": 9141790.58,
                                    "Plan Rows": 10448,
                                    "Plan Width": 228,
                                    "Actual Startup Time": 19000.336,
                                    "Actual Total Time": 19000.778,
                                    "Actual Rows": 264,
                                    "Actual Loops": 3,
                                    "Group Key": [
                                        "date_dim_2.d_week_seq"
                                    ],
                                    "Planned Partitions": 4,
                                    "HashAgg Batches": 1,
                                    "Peak Memory Usage": 625,
                                    "Disk Usage": 0,
                                    "Shared Hit Blocks": 2177,
                                    "Shared Read Blocks": 2806312,
                                    "Shared Dirtied Blocks": 0,
                                    "Shared Written Blocks": 5,
                                    "Local Hit Blocks": 0,
                                    "Local Read Blocks": 0,
                                    "Local Dirtied Blocks": 0,
                                    "Local Written Blocks": 0,
                                    "Temp Read Blocks": 0,
                                    "Temp Written Blocks": 0,
                                    "Workers": [
                                        {
                                            "Worker Number": 0,
                                            "HashAgg Batches": 1,
                                            "Peak Memory Usage": 625,
                                            "Disk Usage": 0
                                        },
                                        {
                                            "Worker Number": 1,
                                            "HashAgg Batches": 1,
                                            "Peak Memory Usage": 625,
                                            "Disk Usage": 0
                                        }
                                    ],
                                    "Plans": [
                                        {
                                            "Node Type": "Hash Join",
                                            "Parent Relationship": "Outer",
                                            "Parallel Aware": true,
                                            "Join Type": "Inner",
                                            "Startup Cost": 2371.82,
                                            "Total Cost": 3917801.94,
                                            "Plan Rows": 44995543,
                                            "Plan Width": 20,
                                            "Actual Startup Time": 324.533,
                                            "Actual Total Time": 10722.796,
                                            "Actual Rows": 35875088,
                                            "Actual Loops": 3,
                                            "Inner Unique": false,
                                            "Hash Cond": "(catalog_sales.cs_sold_date_sk = date_dim_2.d_date_sk)",
                                            "Shared Hit Blocks": 2177,
                                            "Shared Read Blocks": 2806312,
                                            "Shared Dirtied Blocks": 0,
                                            "Shared Written Blocks": 5,
                                            "Local Hit Blocks": 0,
                                            "Local Read Blocks": 0,
                                            "Local Dirtied Blocks": 0,
                                            "Local Written Blocks": 0,
                                            "Temp Read Blocks": 0,
                                            "Temp Written Blocks": 0,
                                            "Workers": [],
                                            "Plans": [
                                                {
                                                    "Node Type": "Append",
                                                    "Parent Relationship": "Outer",
                                                    "Parallel Aware": true,
                                                    "Startup Cost": 0.0,
                                                    "Total Cost": 3482017.15,
                                                    "Plan Rows": 44995544,
                                                    "Plan Width": 10,
                                                    "Actual Startup Time": 0.063,
                                                    "Actual Total Time": 6263.073,
                                                    "Actual Rows": 35998173,
                                                    "Actual Loops": 3,
                                                    "Shared Hit Blocks": 772,
                                                    "Shared Read Blocks": 2806312,
                                                    "Shared Dirtied Blocks": 0,
                                                    "Shared Written Blocks": 5,
                                                    "Local Hit Blocks": 0,
                                                    "Local Read Blocks": 0,
                                                    "Local Dirtied Blocks": 0,
                                                    "Local Written Blocks": 0,
                                                    "Temp Read Blocks": 0,
                                                    "Temp Written Blocks": 0,
                                                    "Workers": [],
                                                    "Subplans Removed": 0,
                                                    "Plans": [
                                                        {
                                                            "Node Type": "Seq Scan",
                                                            "Parent Relationship": "Member",
                                                            "Parallel Aware": true,
                                                            "Relation Name": "catalog_sales",
                                                            "Alias": "catalog_sales",
                                                            "Startup Cost": 0.0,
                                                            "Total Cost": 2168096.57,
                                                            "Plan Rows": 29996957,
                                                            "Plan Width": 10,
                                                            "Actual Startup Time": 0.046,
                                                            "Actual Total Time": 3050.955,
                                                            "Actual Rows": 23999223,
                                                            "Actual Loops": 3,
                                                            "Shared Hit Blocks": 448,
                                                            "Shared Read Blocks": 1867679,
                                                            "Shared Dirtied Blocks": 0,
                                                            "Shared Written Blocks": 5,
                                                            "Local Hit Blocks": 0,
                                                            "Local Read Blocks": 0,
                                                            "Local Dirtied Blocks": 0,
                                                            "Local Written Blocks": 0,
                                                            "Temp Read Blocks": 0,
                                                            "Temp Written Blocks": 0,
                                                            "Workers": []
                                                        },
                                                        {
                                                            "Node Type": "Seq Scan",
                                                            "Parent Relationship": "Member",
                                                            "Parallel Aware": true,
                                                            "Relation Name": "web_sales",
                                                            "Alias": "web_sales",
                                                            "Startup Cost": 0.0,
                                                            "Total Cost": 1088942.87,
                                                            "Plan Rows": 14998587,
                                                            "Plan Width": 10,
                                                            "Actual Startup Time": 0.052,
                                                            "Actual Total Time": 2527.016,
                                                            "Actual Rows": 17998425,
                                                            "Actual Loops": 2,
                                                            "Shared Hit Blocks": 324,
                                                            "Shared Read Blocks": 938633,
                                                            "Shared Dirtied Blocks": 0,
                                                            "Shared Written Blocks": 0,
                                                            "Local Hit Blocks": 0,
                                                            "Local Read Blocks": 0,
                                                            "Local Dirtied Blocks": 0,
                                                            "Local Written Blocks": 0,
                                                            "Temp Read Blocks": 0,
                                                            "Temp Written Blocks": 0,
                                                            "Workers": []
                                                        }
                                                    ]
                                                },
                                                {
                                                    "Node Type": "Hash",
                                                    "Parent Relationship": "Inner",
                                                    "Parallel Aware": true,
                                                    "Startup Cost": 1834.7,
                                                    "Total Cost": 1834.7,
                                                    "Plan Rows": 42970,
                                                    "Plan Width": 18,
                                                    "Actual Startup Time": 323.401,
                                                    "Actual Total Time": 323.402,
                                                    "Actual Rows": 24350,
                                                    "Actual Loops": 3,
                                                    "Hash Buckets": 131072,
                                                    "Original Hash Buckets": 131072,
                                                    "Hash Batches": 1,
                                                    "Original Hash Batches": 1,
                                                    "Peak Memory Usage": 5088,
                                                    "Shared Hit Blocks": 1405,
                                                    "Shared Read Blocks": 0,
                                                    "Shared Dirtied Blocks": 0,
                                                    "Shared Written Blocks": 0,
                                                    "Local Hit Blocks": 0,
                                                    "Local Read Blocks": 0,
                                                    "Local Dirtied Blocks": 0,
                                                    "Local Written Blocks": 0,
                                                    "Temp Read Blocks": 0,
                                                    "Temp Written Blocks": 0,
                                                    "Workers": [],
                                                    "Plans": [
                                                        {
                                                            "Node Type": "Seq Scan",
                                                            "Parent Relationship": "Outer",
                                                            "Parallel Aware": true,
                                                            "Relation Name": "date_dim",
                                                            "Alias": "date_dim_2",
                                                            "Startup Cost": 0.0,
                                                            "Total Cost": 1834.7,
                                                            "Plan Rows": 42970,
                                                            "Plan Width": 18,
                                                            "Actual Startup Time": 253.798,
                                                            "Actual Total Time": 256.332,
                                                            "Actual Rows": 24350,
                                                            "Actual Loops": 3,
                                                            "Shared Hit Blocks": 1405,
                                                            "Shared Read Blocks": 0,
                                                            "Shared Dirtied Blocks": 0,
                                                            "Shared Written Blocks": 0,
                                                            "Local Hit Blocks": 0,
                                                            "Local Read Blocks": 0,
                                                            "Local Dirtied Blocks": 0,
                                                            "Local Written Blocks": 0,
                                                            "Temp Read Blocks": 0,
                                                            "Temp Written Blocks": 0,
                                                            "Workers": []
                                                        }
                                                    ]
                                                }
                                            ]
                                        }
                                    ]
                                }
                            ]
                        }
                    ]
                }
            ]
        },
        {
            "Node Type": "Hash Join",
            "Parent Relationship": "Outer",
            "Parallel Aware": false,
            "Join Type": "Inner",
            "Startup Cost": 368.23,
            "Total Cost": 616.95,
            "Plan Rows": 13,
            "Plan Width": 228,
            "Actual Startup Time": 19035.372,
            "Actual Total Time": 19040.357,
            "Actual Rows": 2513,
            "Actual Loops": 1,
            "Inner Unique": false,
            "Hash Cond": "(wswscs.d_week_seq = date_dim.d_week_seq)",
            "Shared Hit Blocks": 309,
            "Shared Read Blocks": 882122,
            "Shared Dirtied Blocks": 0,
            "Shared Written Blocks": 2,
            "Local Hit Blocks": 0,
            "Local Read Blocks": 0,
            "Local Dirtied Blocks": 0,
            "Local Written Blocks": 0,
            "Temp Read Blocks": 0,
            "Temp Written Blocks": 0,
            "Plans": [
                {
                    "Node Type": "CTE Scan",
                    "Parent Relationship": "Outer",
                    "Parallel Aware": false,
                    "CTE Name": "wswscs",
                    "Alias": "wswscs",
                    "Startup Cost": 0.0,
                    "Total Cost": 208.96,
                    "Plan Rows": 10448,
                    "Plan Width": 228,
                    "Actual Startup Time": 19032.655,
                    "Actual Total Time": 19032.669,
                    "Actual Rows": 264,
                    "Actual Loops": 1,
                    "Shared Hit Blocks": 305,
                    "Shared Read Blocks": 882119,
                    "Shared Dirtied Blocks": 0,
                    "Shared Written Blocks": 2,
                    "Local Hit Blocks": 0,
                    "Local Read Blocks": 0,
                    "Local Dirtied Blocks": 0,
                    "Local Written Blocks": 0,
                    "Temp Read Blocks": 0,
                    "Temp Written Blocks": 0
                },
                {
                    "Node Type": "Hash",
                    "Parent Relationship": "Inner",
                    "Parallel Aware": false,
                    "Startup Cost": 368.06,
                    "Total Cost": 368.06,
                    "Plan Rows": 13,
                    "Plan Width": 232,
                    "Actual Startup Time": 2.682,
                    "Actual Total Time": 2.684,
                    "Actual Rows": 2513,
                    "Actual Loops": 1,
                    "Hash Buckets": 4096,
                    "Original Hash Buckets": 1024,
                    "Hash Batches": 1,
                    "Original Hash Batches": 1,
                    "Peak Memory Usage": 304,
                    "Shared Hit Blocks": 4,
                    "Shared Read Blocks": 3,
                    "Shared Dirtied Blocks": 0,
                    "Shared Written Blocks": 0,
                    "Local Hit Blocks": 0,
                    "Local Read Blocks": 0,
                    "Local Dirtied Blocks": 0,
                    "Local Written Blocks": 0,
                    "Temp Read Blocks": 0,
                    "Temp Written Blocks": 0,
                    "Plans": [
                        {
                            "Node Type": "Hash Join",
                            "Parent Relationship": "Outer",
                            "Parallel Aware": false,
                            "Join Type": "Inner",
                            "Startup Cost": 30.49,
                            "Total Cost": 368.06,
                            "Plan Rows": 13,
                            "Plan Width": 232,
                            "Actual Startup Time": 1.619,
                            "Actual Total Time": 2.154,
                            "Actual Rows": 2513,
                            "Actual Loops": 1,
                            "Inner Unique": false,
                            "Hash Cond": "((wswscs_1.d_week_seq - 53) = date_dim.d_week_seq)",
                            "Shared Hit Blocks": 4,
                            "Shared Read Blocks": 3,
                            "Shared Dirtied Blocks": 0,
                            "Shared Written Blocks": 0,
                            "Local Hit Blocks": 0,
                            "Local Read Blocks": 0,
                            "Local Dirtied Blocks": 0,
                            "Local Written Blocks": 0,
                            "Temp Read Blocks": 0,
                            "Temp Written Blocks": 0,
                            "Plans": [
                                {
                                    "Node Type": "Hash Join",
                                    "Parent Relationship": "Outer",
                                    "Parallel Aware": false,
                                    "Join Type": "Inner",
                                    "Startup Cost": 15.24,
                                    "Total Cost": 345.39,
                                    "Plan Rows": 365,
                                    "Plan Width": 228,
                                    "Actual Startup Time": 1.515,
                                    "Actual Total Time": 1.904,
                                    "Actual Rows": 365,
                                    "Actual Loops": 1,
                                    "Inner Unique": false,
                                    "Hash Cond": "(wswscs_1.d_week_seq = date_dim_1.d_week_seq)",
                                    "Shared Hit Blocks": 3,
                                    "Shared Read Blocks": 1,
                                    "Shared Dirtied Blocks": 0,
                                    "Shared Written Blocks": 0,
                                    "Local Hit Blocks": 0,
                                    "Local Read Blocks": 0,
                                    "Local Dirtied Blocks": 0,
                                    "Local Written Blocks": 0,
                                    "Temp Read Blocks": 0,
                                    "Temp Written Blocks": 0,
                                    "Plans": [
                                        {
                                            "Node Type": "CTE Scan",
                                            "Parent Relationship": "Outer",
                                            "Parallel Aware": false,
                                            "CTE Name": "wswscs",
                                            "Alias": "wswscs_1",
                                            "Startup Cost": 0.0,
                                            "Total Cost": 208.96,
                                            "Plan Rows": 10448,
                                            "Plan Width": 228,
                                            "Actual Startup Time": 0.001,
                                            "Actual Total Time": 1.791,
                                            "Actual Rows": 264,
                                            "Actual Loops": 1,
                                            "Shared Hit Blocks": 0,
                                            "Shared Read Blocks": 0,
                                            "Shared Dirtied Blocks": 0,
                                            "Shared Written Blocks": 0,
                                            "Local Hit Blocks": 0,
                                            "Local Read Blocks": 0,
                                            "Local Dirtied Blocks": 0,
                                            "Local Written Blocks": 0,
                                            "Temp Read Blocks": 0,
                                            "Temp Written Blocks": 0
                                        },
                                        {
                                            "Node Type": "Hash",
                                            "Parent Relationship": "Inner",
                                            "Parallel Aware": false,
                                            "Startup Cost": 10.68,
                                            "Total Cost": 10.68,
                                            "Plan Rows": 365,
                                            "Plan Width": 4,
                                            "Actual Startup Time": 0.061,
                                            "Actual Total Time": 0.061,
                                            "Actual Rows": 365,
                                            "Actual Loops": 1,
                                            "Hash Buckets": 1024,
                                            "Original Hash Buckets": 1024,
                                            "Hash Batches": 1,
                                            "Original Hash Batches": 1,
                                            "Peak Memory Usage": 21,
                                            "Shared Hit Blocks": 3,
                                            "Shared Read Blocks": 1,
                                            "Shared Dirtied Blocks": 0,
                                            "Shared Written Blocks": 0,
                                            "Local Hit Blocks": 0,
                                            "Local Read Blocks": 0,
                                            "Local Dirtied Blocks": 0,
                                            "Local Written Blocks": 0,
                                            "Temp Read Blocks": 0,
                                            "Temp Written Blocks": 0,
                                            "Plans": [
                                                {
                                                    "Node Type": "Index Only Scan",
                                                    "Parent Relationship": "Outer",
                                                    "Parallel Aware": false,
                                                    "Scan Direction": "Forward",
                                                    "Index Name": "date_dim_d_year_d_week_seq_idx",
                                                    "Relation Name": "date_dim",
                                                    "Alias": "date_dim_1",
                                                    "Startup Cost": 0.29,
                                                    "Total Cost": 10.68,
                                                    "Plan Rows": 365,
                                                    "Plan Width": 4,
                                                    "Actual Startup Time": 0.006,
                                                    "Actual Total Time": 0.033,
                                                    "Actual Rows": 365,
                                                    "Actual Loops": 1,
                                                    "Index Cond": "(d_year = 2002)",
                                                    "Rows Removed by Index Recheck": 0,
                                                    "Heap Fetches": 0,
                                                    "Shared Hit Blocks": 3,
                                                    "Shared Read Blocks": 1,
                                                    "Shared Dirtied Blocks": 0,
                                                    "Shared Written Blocks": 0,
                                                    "Local Hit Blocks": 0,
                                                    "Local Read Blocks": 0,
                                                    "Local Dirtied Blocks": 0,
                                                    "Local Written Blocks": 0,
                                                    "Temp Read Blocks": 0,
                                                    "Temp Written Blocks": 0
                                                }
                                            ]
                                        }
                                    ]
                                },
                                {
                                    "Node Type": "Hash",
                                    "Parent Relationship": "Inner",
                                    "Parallel Aware": false,
                                    "Startup Cost": 10.68,
                                    "Total Cost": 10.68,
                                    "Plan Rows": 365,
                                    "Plan Width": 4,
                                    "Actual Startup Time": 0.098,
                                    "Actual Total Time": 0.098,
                                    "Actual Rows": 365,
                                    "Actual Loops": 1,
                                    "Hash Buckets": 1024,
                                    "Original Hash Buckets": 1024,
                                    "Hash Batches": 1,
                                    "Original Hash Batches": 1,
                                    "Peak Memory Usage": 21,
                                    "Shared Hit Blocks": 1,
                                    "Shared Read Blocks": 2,
                                    "Shared Dirtied Blocks": 0,
                                    "Shared Written Blocks": 0,
                                    "Local Hit Blocks": 0,
                                    "Local Read Blocks": 0,
                                    "Local Dirtied Blocks": 0,
                                    "Local Written Blocks": 0,
                                    "Temp Read Blocks": 0,
                                    "Temp Written Blocks": 0,
                                    "Plans": [
                                        {
                                            "Node Type": "Index Only Scan",
                                            "Parent Relationship": "Outer",
                                            "Parallel Aware": false,
                                            "Scan Direction": "Forward",
                                            "Index Name": "date_dim_d_year_d_week_seq_idx",
                                            "Relation Name": "date_dim",
                                            "Alias": "date_dim",
                                            "Startup Cost": 0.29,
                                            "Total Cost": 10.68,
                                            "Plan Rows": 365,
                                            "Plan Width": 4,
                                            "Actual Startup Time": 0.044,
                                            "Actual Total Time": 0.069,
                                            "Actual Rows": 365,
                                            "Actual Loops": 1,
                                            "Index Cond": "(d_year = 2001)",
                                            "Rows Removed by Index Recheck": 0,
                                            "Heap Fetches": 0,
                                            "Shared Hit Blocks": 1,
                                            "Shared Read Blocks": 2,
                                            "Shared Dirtied Blocks": 0,
                                            "Shared Written Blocks": 0,
                                            "Local Hit Blocks": 0,
                                            "Local Read Blocks": 0,
                                            "Local Dirtied Blocks": 0,
                                            "Local Written Blocks": 0,
                                            "Temp Read Blocks": 0,
                                            "Temp Written Blocks": 0
                                        }
                                    ]
                                }
                            ]
                        }
                    ]
                }
            ]
        }
    ]
}